SH SERIES C/C++ Compiler (Ver. 6.0C)                                                                 12-Aug-2012 14:11:58  PAGE    1

************ OBJECT LISTING ************

FILE NAME: D:\Anderain\fx-9860\DL2\dl2_draw.c

SCT OFFSET   CODE       C LABEL     INSTRUCTION OPERAND    COMMENT

      dl2_draw.c     1    #include "dl2_all.h"
      dl2_draw.c     2    
      dl2_draw.c     3    void draw_picture (int x,int y,int width,int height,int mode,uchar * pGraph)
P   00000000              _draw_picture:                   ; function: draw_picture
                                                           ; frame size=28
    00000000 4F22                   STS.L       PR,@-R15
      dl2_draw.c     4    {
      dl2_draw.c     5            DISPGRAPH dg;
      dl2_draw.c     6    
      dl2_draw.c     7            dg.x                                    = x;
      dl2_draw.c     8            dg.y                                    = y;
      dl2_draw.c     9            dg.GraphData.width              = width;
      dl2_draw.c    10            dg.GraphData.height             = height;
      dl2_draw.c    11            dg.GraphData.pBitmap    = pGraph;
      dl2_draw.c    12            dg.WriteModify                  = mode+1;
    00000002 E014                   MOV         #20,R0
    00000004 7FE8                   ADD         #-24,R15
    00000006 2F42                   MOV.L       R4,@R15
    00000008 1F51                   MOV.L       R5,@(4,R15)
    0000000A 1F62                   MOV.L       R6,@(8,R15)
    0000000C 1F73                   MOV.L       R7,@(12,R15)
    0000000E 53F8                   MOV.L       @(32,R15),R3
    00000010 1F34                   MOV.L       R3,@(16,R15)
      dl2_draw.c    13            dg.WriteKind                    = IMB_WRITEKIND_OVER;
    00000012 E301                   MOV         #1,R3
    00000014 52F7                   MOV.L       @(28,R15),R2
    00000016 7201                   ADD         #1,R2
    00000018 0F24                   MOV.B       R2,@(R0,R15)
    0000001A E015                   MOV         #21,R0
    0000001C 0F34                   MOV.B       R3,@(R0,R15)
      dl2_draw.c    14    
      dl2_draw.c    15            Bdisp_WriteGraph_VRAM(&dg);
    0000001E D31A                   MOV.L       L394,R3    ; _Bdisp_WriteGraph_VRAM
    00000020 430B                   JSR         @R3
    00000022 64F3                   MOV         R15,R4
      dl2_draw.c    16    }
    00000024 7F18                   ADD         #24,R15
    00000026 4F26                   LDS.L       @R15+,PR
    00000028 000B                   RTS
    0000002A 0009                   NOP
      dl2_draw.c    17    
      dl2_draw.c    18    void area_clear (int left,int top,int right,int bottom,int sel) 
    0000002C              _area_clear:                     ; function: area_clear
                                                           ; frame size=28
    0000002C 2FE6                   MOV.L       R14,@-R15
    0000002E 4F22                   STS.L       PR,@-R15
    00000030 7FEC                   ADD         #-20,R15
      dl2_draw.c    19    { 
      dl2_draw.c    20            DISPBOX box; 
      dl2_draw.c    21            box.left = left;box.top = top;box.right = right;box.bottom = bottom; 
    00000032 1F41                   MOV.L       R4,@(4,R15)
    00000034 1F52                   MOV.L       R5,@(8,R15)
    00000036 1F63                   MOV.L       R6,@(12,R15)
    00000038 1F74                   MOV.L       R7,@(16,R15)




SH SERIES C/C++ Compiler (Ver. 6.0C)                                                                 12-Aug-2012 14:11:58  PAGE    2


SCT OFFSET   CODE       C LABEL     INSTRUCTION OPERAND    COMMENT

      dl2_draw.c    22            if (sel != 1) 
    0000003A 50F7                   MOV.L       @(28,R15),R0
    0000003C 8801                   CMP/EQ      #1,R0
    0000003E 8903                   BT          L392
      dl2_draw.c    23                    Bdisp_AreaClr_VRAM (&box); 
    00000040 D212                   MOV.L       L394+4,R2  ; _Bdisp_AreaClr_VRAM
    00000042 64F3                   MOV         R15,R4
    00000044 420B                   JSR         @R2
    00000046 7404                   ADD         #4,R4
    00000048              L392:                             
      dl2_draw.c    24            if (sel != 0){ 
    00000048 53F7                   MOV.L       @(28,R15),R3
    0000004A 2338                   TST         R3,R3
    0000004C 8918                   BT          L393
      dl2_draw.c    25                    Bdisp_DrawLineVRAM (box.left,box.top,box.right,box.top); 
    0000004E DE10                   MOV.L       L394+8,R14 ; _Bdisp_DrawLineVRAM
    00000050 57F2                   MOV.L       @(8,R15),R7
    00000052 2F72                   MOV.L       R7,@R15
    00000054 56F3                   MOV.L       @(12,R15),R6
    00000056 6573                   MOV         R7,R5
    00000058 4E0B                   JSR         @R14
    0000005A 54F1                   MOV.L       @(4,R15),R4
      dl2_draw.c    26                    Bdisp_DrawLineVRAM (box.left,box.bottom,box.right,box.bottom); 
    0000005C 57F4                   MOV.L       @(16,R15),R7
    0000005E 2F72                   MOV.L       R7,@R15
    00000060 56F3                   MOV.L       @(12,R15),R6
    00000062 6573                   MOV         R7,R5
    00000064 4E0B                   JSR         @R14
    00000066 54F1                   MOV.L       @(4,R15),R4
      dl2_draw.c    27                    Bdisp_DrawLineVRAM (box.left,box.top,box.left,box.bottom); 
    00000068 57F4                   MOV.L       @(16,R15),R7
    0000006A 56F1                   MOV.L       @(4,R15),R6
    0000006C 2F62                   MOV.L       R6,@R15
    0000006E 55F2                   MOV.L       @(8,R15),R5
    00000070 4E0B                   JSR         @R14
    00000072 6463                   MOV         R6,R4
      dl2_draw.c    28                    Bdisp_DrawLineVRAM (box.right,box.top,box.right,box.bottom); 
    00000074 57F4                   MOV.L       @(16,R15),R7
    00000076 56F3                   MOV.L       @(12,R15),R6
    00000078 2F62                   MOV.L       R6,@R15
    0000007A 55F2                   MOV.L       @(8,R15),R5
    0000007C 4E0B                   JSR         @R14
    0000007E 6463                   MOV         R6,R4
    00000080              L393:                             
      dl2_draw.c    29        } 
      dl2_draw.c    30    }
    00000080 7F14                   ADD         #20,R15
    00000082 4F26                   LDS.L       @R15+,PR
    00000084 000B                   RTS
    00000086 6EF6                   MOV.L       @R15+,R14
    00000088              L394:                             
    00000088 <00000000>             .DATA.L     _Bdisp_WriteGraph_VRAM
    0000008C <00000000>             .DATA.L     _Bdisp_AreaClr_VRAM
    00000090 <00000000>             .DATA.L     _Bdisp_DrawLineVRAM







SH SERIES C/C++ Compiler (Ver. 6.0C)                                                                 12-Aug-2012 14:11:58  PAGE    1


******** STATISTICS INFORMATION ********


********** ERROR INFORMATION ***********

NUMBER OF ERRORS:           0
NUMBER OF WARNINGS:         0




******* SOURCE LINE INFORMATION ********

COMPILED SOURCE LINE:       30



******* SECTION SIZE INFORMATION *******

PROGRAM  SECTION (P):                               00000094 Byte(s)
CONSTANT SECTION (C):                               00000000 Byte(s)
DATA     SECTION (D):                               00000000 Byte(s)
BSS      SECTION (B):                               00000000 Byte(s)

 TOTAL PROGRAM SIZE: 00000094 Byte(s)



********** LABEL INFORMATION ***********

NUMBER OF EXTERNAL REFERENCE SYMBOLS:            3
NUMBER OF EXTERNAL DEFINITION SYMBOLS:           2
NUMBER OF INTERNAL/EXTERNAL SYMBOLS:             8






























*** COMMAND PARAMETER ***


  -subcommand=C:\DOCUME~1\ADMINI~1\LOCALS~1\Temp\hmk22E.tmp 

