SH SERIES C/C++ Compiler (Ver. 6.0C)                                                                 12-Aug-2012 14:11:58  PAGE    1

************ OBJECT LISTING ************

FILE NAME: D:\Anderain\fx-9860\DL2\dl2_chsfont.c

SCT OFFSET   CODE       C LABEL     INSTRUCTION OPERAND    COMMENT

      dl2_chsfon     1    #include "dl2_all.h"
      dl2_chsfon     2    
      dl2_chsfon     3    int fh_HZK = 0;
      dl2_chsfon     4    
      dl2_chsfon     5    int open_font()
P   00000000              _open_font:                      ; function: open_font
                                                           ; frame size=4
    00000000 4F22                   STS.L       PR,@-R15
      dl2_chsfon     6    {
      dl2_chsfon     7            fh_HZK = open_file(HZK_FILE_NAME,_OPENMODE_READ);
    00000002 D44C                   MOV.L       L414+6,R4  ; L378
    00000004 D34C                   MOV.L       L414+10,R3 ; _open_file
    00000006 430B                   JSR         @R3
    00000008 E501                   MOV         #1,R5
    0000000A D24C                   MOV.L       L414+14,R2 ; _fh_HZK
      dl2_chsfon     8            return fh_HZK;
      dl2_chsfon     9    }
    0000000C 4F26                   LDS.L       @R15+,PR
    0000000E 000B                   RTS
    00000010 2202                   MOV.L       R0,@R2
      dl2_chsfon    10    
      dl2_chsfon    11    int close_font()
    00000012              _close_font:                     ; function: close_font
                                                           ; frame size=4
    00000012 4F22                   STS.L       PR,@-R15
      dl2_chsfon    12    {
      dl2_chsfon    13            close_file(fh_HZK);
    00000014 D349                   MOV.L       L414+14,R3 ; _fh_HZK
    00000016 D24A                   MOV.L       L414+18,R2 ; _Bfile_CloseFile
    00000018 420B                   JSR         @R2
    0000001A 6432                   MOV.L       @R3,R4
      dl2_chsfon    14            return 0;
      dl2_chsfon    15    }
    0000001C 4F26                   LDS.L       @R15+,PR
    0000001E 000B                   RTS
    00000020 E000                   MOV         #0,R0
      dl2_chsfon    16    
      dl2_chsfon    17    void print_chs_char (int x,int y,int sel,uchar c1,uchar c2)
    00000022              _print_chs_char:                 ; function: print_chs_char
                                                           ; frame size=44
      dl2_chsfon    18    {
      dl2_chsfon    19            unsigned char mat[8];
      dl2_chsfon    20            int i,j,k;
      dl2_chsfon    21            int sec,pot; 
      dl2_chsfon    22            sec = c1-0xa1;
    00000022 677C                   EXTU.B      R7,R7
    00000024 4F22                   STS.L       PR,@-R15
      dl2_chsfon    23            pot = c2-0xa1;
    00000026 E027                   MOV         #39,R0
    00000028 4F12                   STS.L       MACL,@-R15
      dl2_chsfon    24            read_file(fh_HZK,mat,8,(94*sec+pot)*8);
    0000002A E25E                   MOV         #94,R2
    0000002C 7FE4                   ADD         #-28,R15
    0000002E 1F41                   MOV.L       R4,@(4,R15)




SH SERIES C/C++ Compiler (Ver. 6.0C)                                                                 12-Aug-2012 14:11:58  PAGE    2


SCT OFFSET   CODE       C LABEL     INSTRUCTION OPERAND    COMMENT

    00000030 1F52                   MOV.L       R5,@(8,R15)
    00000032 65F3                   MOV         R15,R5
    00000034 2F62                   MOV.L       R6,@R15
    00000036 7514                   ADD         #20,R5
    00000038 9479                   MOV.W       L414,R4    ; H'FF5F
    0000003A E608                   MOV         #8,R6
    0000003C 374C                   ADD         R4,R7
    0000003E 1F74                   MOV.L       R7,@(16,R15)
    00000040 03FC                   MOV.B       @(R0,R15),R3
    00000042 633C                   EXTU.B      R3,R3
    00000044 334C                   ADD         R4,R3
    00000046 1F33                   MOV.L       R3,@(12,R15)
    00000048 51F4                   MOV.L       @(16,R15),R1
    0000004A 0127                   MUL.L       R2,R1
    0000004C D23B                   MOV.L       L414+14,R2 ; _fh_HZK
    0000004E 071A                   STS         MACL,R7
    00000050 373C                   ADD         R3,R7
    00000052 4708                   SHLL2       R7
    00000054 D33B                   MOV.L       L414+22,R3 ; _Bfile_ReadFile
    00000056 4700                   SHLL        R7
    00000058 430B                   JSR         @R3
    0000005A 6422                   MOV.L       @R2,R4
      dl2_chsfon    25            draw_picture(x,y,8,8,sel,mat);
    0000005C 61F3                   MOV         R15,R1
    0000005E 7114                   ADD         #20,R1
    00000060 2F16                   MOV.L       R1,@-R15
    00000062 E708                   MOV         #8,R7
    00000064 53F1                   MOV.L       @(4,R15),R3
    00000066 6673                   MOV         R7,R6
    00000068 2F36                   MOV.L       R3,@-R15
    0000006A 55F4                   MOV.L       @(16,R15),R5
    0000006C D336                   MOV.L       L414+26,R3 ; _draw_picture
    0000006E 430B                   JSR         @R3
    00000070 54F3                   MOV.L       @(12,R15),R4
      dl2_chsfon    26    }
    00000072 7F24                   ADD         #36,R15
    00000074 4F16                   LDS.L       @R15+,MACL
    00000076 4F26                   LDS.L       @R15+,PR
    00000078 000B                   RTS
    0000007A 0009                   NOP
      dl2_chsfon    27    
      dl2_chsfon    28    void print_chs_str (int x,int y,int sel,const uchar * str)
    0000007C              _print_chs_str:                  ; function: print_chs_str
                                                           ; frame size=60
                                                           ; used runtime library name:
                                                           ; __slow_mvn
    0000007C 2FE6                   MOV.L       R14,@-R15
    0000007E 2FD6                   MOV.L       R13,@-R15
    00000080 2FC6                   MOV.L       R12,@-R15
    00000082 2FB6                   MOV.L       R11,@-R15
    00000084 2FA6                   MOV.L       R10,@-R15
    00000086 6B53                   MOV         R5,R11
      dl2_chsfon    29    {
      dl2_chsfon    30            int             i;
      dl2_chsfon    31            int             l = 0;
      dl2_chsfon    32            uchar   temp[] = " ";
    00000088 D230                   MOV.L       L414+30,R2 ; L400




SH SERIES C/C++ Compiler (Ver. 6.0C)                                                                 12-Aug-2012 14:11:58  PAGE    3


SCT OFFSET   CODE       C LABEL     INSTRUCTION OPERAND    COMMENT

    0000008A 2F96                   MOV.L       R9,@-R15
    0000008C 2F86                   MOV.L       R8,@-R15
    0000008E 4F22                   STS.L       PR,@-R15
    00000090 D32F                   MOV.L       L414+34,R3 ; __slow_mvn
    00000092 7FE8                   ADD         #-24,R15
    00000094 1F42                   MOV.L       R4,@(8,R15)
    00000096 6AF3                   MOV         R15,R10
    00000098 2F62                   MOV.L       R6,@R15
    0000009A E400                   MOV         #0,R4
    0000009C 1F71                   MOV.L       R7,@(4,R15)
    0000009E 7A14                   ADD         #20,R10
    000000A0 6943                   MOV         R4,R9
    000000A2 61F3                   MOV         R15,R1
    000000A4 7114                   ADD         #20,R1
    000000A6 430B                   JSR         @R3
    000000A8 E002                   MOV         #2,R0
      dl2_chsfon    33            int             cx;
      dl2_chsfon    34    
      dl2_chsfon    35            for (i=0;str[i];l++)
    000000AA 6E93                   MOV         R9,R14
    000000AC 9840                   MOV.W       L414+2,R8  ; H'0080
    000000AE 63B3                   MOV         R11,R3
    000000B0 61A3                   MOV         R10,R1
    000000B2 7307                   ADD         #7,R3
    000000B4 1F13                   MOV.L       R1,@(12,R15)
    000000B6 A02B                   BRA         L409
    000000B8 1F34                   MOV.L       R3,@(16,R15)
    000000BA              L410:                             
      dl2_chsfon    36            {
      dl2_chsfon    37                    cx = x+l*8;
    000000BA 6C93                   MOV         R9,R12
    000000BC 53F2                   MOV.L       @(8,R15),R3
    000000BE 4C08                   SHLL2       R12
    000000C0 5DF1                   MOV.L       @(4,R15),R13
    000000C2 4C00                   SHLL        R12
    000000C4 3DEC                   ADD         R14,R13
    000000C6 62D0                   MOV.B       @R13,R2
    000000C8 622C                   EXTU.B      R2,R2
    000000CA 2288                   TST         R8,R2
    000000CC 8D0A                   BT/S        L411
    000000CE 3C3C                   ADD         R3,R12
      dl2_chsfon    38                    if (is_chschar(str[i]))
      dl2_chsfon    39                    {
      dl2_chsfon    40                            
      dl2_chsfon    41                            print_chs_char (cx,y,sel,str[i],str[i+1]);
    000000D0 84D1                   MOV.B       @(1,R13),R0
    000000D2 65B3                   MOV         R11,R5
    000000D4 2F06                   MOV.L       R0,@-R15
    000000D6 67D0                   MOV.B       @R13,R7
    000000D8 56F1                   MOV.L       @(4,R15),R6
    000000DA BFA2                   BSR         _print_chs_char
    000000DC 64C3                   MOV         R12,R4
    000000DE 7F04                   ADD         #4,R15
      dl2_chsfon    42                            ++i,++i;
    000000E0 A015                   BRA         L412
    000000E2 7E02                   ADD         #2,R14
    000000E4              L411:                             




SH SERIES C/C++ Compiler (Ver. 6.0C)                                                                 12-Aug-2012 14:11:58  PAGE    4


SCT OFFSET   CODE       C LABEL     INSTRUCTION OPERAND    COMMENT

      dl2_chsfon    43                    }
      dl2_chsfon    44                    else
      dl2_chsfon    45                    {
      dl2_chsfon    46                            temp[0] = str[i];
    000000E4 52F3                   MOV.L       @(12,R15),R2
      dl2_chsfon    47                            PrintXY(cx+1,y,temp,0);
    000000E6 E700                   MOV         #0,R7
    000000E8 D31A                   MOV.L       L414+38,R3 ; _PrintXY
    000000EA 66A3                   MOV         R10,R6
    000000EC 61D0                   MOV.B       @R13,R1
    000000EE 65B3                   MOV         R11,R5
    000000F0 2210                   MOV.B       R1,@R2
    000000F2 64C3                   MOV         R12,R4
    000000F4 430B                   JSR         @R3
    000000F6 7401                   ADD         #1,R4
      dl2_chsfon    48    
      dl2_chsfon    49                            if(sel) Bdisp_AreaReverseVRAM (cx,y,cx+7,y+7);
    000000F8 62F2                   MOV.L       @R15,R2
    000000FA 2228                   TST         R2,R2
    000000FC 8906                   BT          L413
    000000FE 66C3                   MOV         R12,R6
    00000100 D315                   MOV.L       L414+42,R3 ; _Bdisp_AreaReverseVRAM
    00000102 65B3                   MOV         R11,R5
    00000104 57F4                   MOV.L       @(16,R15),R7
    00000106 7607                   ADD         #7,R6
    00000108 430B                   JSR         @R3
    0000010A 64C3                   MOV         R12,R4
    0000010C              L413:                             
      dl2_chsfon    50    
      dl2_chsfon    51                            ++i;
    0000010C 7E01                   ADD         #1,R14
    0000010E              L412:                             
    0000010E 7901                   ADD         #1,R9
    00000110              L409:                             
    00000110 50F1                   MOV.L       @(4,R15),R0
    00000112 03EC                   MOV.B       @(R0,R14),R3
    00000114 633C                   EXTU.B      R3,R3
    00000116 2338                   TST         R3,R3
    00000118 8BCF                   BF          L410
      dl2_chsfon    52                    }
      dl2_chsfon    53                    
      dl2_chsfon    54            }
      dl2_chsfon    55    }
    0000011A 7F18                   ADD         #24,R15
    0000011C 4F26                   LDS.L       @R15+,PR
    0000011E 68F6                   MOV.L       @R15+,R8
    00000120 69F6                   MOV.L       @R15+,R9
    00000122 6AF6                   MOV.L       @R15+,R10
    00000124 6BF6                   MOV.L       @R15+,R11
    00000126 6CF6                   MOV.L       @R15+,R12
    00000128 6DF6                   MOV.L       @R15+,R13
    0000012A 000B                   RTS
    0000012C 6EF6                   MOV.L       @R15+,R14
    0000012E              L414:                             
    0000012E FF5F                   .DATA.W     H'FF5F
    00000130 0080                   .DATA.W     H'0080
    00000132 0000                   .DATA.W     0




SH SERIES C/C++ Compiler (Ver. 6.0C)                                                                 12-Aug-2012 14:11:58  PAGE    5


SCT OFFSET   CODE       C LABEL     INSTRUCTION OPERAND    COMMENT

    00000134 <00000000>             .DATA.L     L378
    00000138 <00000000>             .DATA.L     _open_file
    0000013C <00000000>             .DATA.L     _fh_HZK
    00000140 <00000000>             .DATA.L     _Bfile_CloseFile
    00000144 <00000000>             .DATA.L     _Bfile_ReadFile
    00000148 <00000000>             .DATA.L     _draw_picture
    0000014C <00000000>             .DATA.L     L400
    00000150 <00000000>             .DATA.L     __slow_mvn
    00000154 <00000000>             .DATA.L     _PrintXY
    00000158 <00000000>             .DATA.L     _Bdisp_AreaReverseVRAM
      dl2_chsfon    56    
D   00000000              _fh_HZK:                         ; static: fh_HZK
    00000000 00000000               .DATA.L     H'00000000
C   00000000              L378:
    00000000 5C5C666C73             .SDATA      "\\fls0\FONT8X8.hzk"
             305C464F4E   
             543858382E   
             687A6B       
    00000012 00                     .DATA.B     H'00
    00000013              L400:
    00000013 20                     .SDATA      " "
    00000014 00                     .DATA.B     H'00







































SH SERIES C/C++ Compiler (Ver. 6.0C)                                                                 12-Aug-2012 14:11:58  PAGE    1


******** STATISTICS INFORMATION ********


********** ERROR INFORMATION ***********

NUMBER OF ERRORS:           0
NUMBER OF WARNINGS:         0




******* SOURCE LINE INFORMATION ********

COMPILED SOURCE LINE:       56



******* SECTION SIZE INFORMATION *******

PROGRAM  SECTION (P):                               0000015C Byte(s)
CONSTANT SECTION (C):                               00000015 Byte(s)
DATA     SECTION (D):                               00000004 Byte(s)
BSS      SECTION (B):                               00000000 Byte(s)

 TOTAL PROGRAM SIZE: 00000175 Byte(s)



********** LABEL INFORMATION ***********

NUMBER OF EXTERNAL REFERENCE SYMBOLS:            7
NUMBER OF EXTERNAL DEFINITION SYMBOLS:           5
NUMBER OF INTERNAL/EXTERNAL SYMBOLS:            20






























*** COMMAND PARAMETER ***


  -subcommand=C:\DOCUME~1\ADMINI~1\LOCALS~1\Temp\hmk22D.tmp 

