SH SERIES C/C++ Compiler (Ver. 6.0C)                                                                 12-Aug-2012 14:11:59  PAGE    1

************ OBJECT LISTING ************

FILE NAME: D:\Anderain\fx-9860\DL2\dl2_file.c

SCT OFFSET   CODE       C LABEL     INSTRUCTION OPERAND    COMMENT

      dl2_file.c     1    #include "dl2_all.h"
      dl2_file.c     2    
      dl2_file.c     3    fontc * char_to_font(const char * cfname,fontc * ffname)
P   00000000              _char_to_font:                   ; function: char_to_font
                                                           ; frame size=12
    00000000 2FE6                   MOV.L       R14,@-R15
    00000002 2FD6                   MOV.L       R13,@-R15
    00000004 4F22                   STS.L       PR,@-R15
    00000006 6D43                   MOV         R4,R13
      dl2_file.c     4    {
      dl2_file.c     5            int i,len = strlen(cfname);
    00000008 D31B                   MOV.L       L396,R3    ; _strlen
    0000000A 430B                   JSR         @R3
    0000000C 6E53                   MOV         R5,R14
    0000000E 6503                   MOV         R0,R5
      dl2_file.c     6            for(i=0; i<len ;++i)
    00000010 E600                   MOV         #0,R6
    00000012 4515                   CMP/PL      R5
    00000014 8F09                   BF/S        L389
    00000016 6463                   MOV         R6,R4
    00000018              L390:                             
      dl2_file.c     7                    ffname[i] = cfname[i];
    00000018 6343                   MOV         R4,R3
    0000001A 4300                   SHLL        R3
    0000001C 33EC                   ADD         R14,R3
    0000001E 6043                   MOV         R4,R0
    00000020 02DC                   MOV.B       @(R0,R13),R2
    00000022 7401                   ADD         #1,R4
    00000024 2321                   MOV.W       R2,@R3
    00000026 3453                   CMP/GE      R5,R4
    00000028 8BF6                   BF          L390
    0000002A              L389:                             
      dl2_file.c     8            ffname[i]=0;
    0000002A 6043                   MOV         R4,R0
    0000002C 4000                   SHLL        R0
    0000002E 0E65                   MOV.W       R6,@(R0,R14)
      dl2_file.c     9            return ffname;
      dl2_file.c    10    }
    00000030 4F26                   LDS.L       @R15+,PR
    00000032 60E3                   MOV         R14,R0
    00000034 6DF6                   MOV.L       @R15+,R13
    00000036 000B                   RTS
    00000038 6EF6                   MOV.L       @R15+,R14
      dl2_file.c    11    
      dl2_file.c    12    char * font_to_char(const fontc *ffname,char *cfname)
    0000003A              _font_to_char:                   ; function: font_to_char
                                                           ; frame size=0
      dl2_file.c    13    {
      dl2_file.c    14            int i = 0;
      dl2_file.c    15            while((cfname[i]=ffname[i])!=0)++i;
    0000003A A001                   BRA         L392
    0000003C E000                   MOV         #0,R0
    0000003E              L393:                             
    0000003E 7001                   ADD         #1,R0




SH SERIES C/C++ Compiler (Ver. 6.0C)                                                                 12-Aug-2012 14:11:59  PAGE    2


SCT OFFSET   CODE       C LABEL     INSTRUCTION OPERAND    COMMENT

    00000040              L392:                             
    00000040 6203                   MOV         R0,R2
    00000042 325C                   ADD         R5,R2
    00000044 6303                   MOV         R0,R3
    00000046 4300                   SHLL        R3
    00000048 334C                   ADD         R4,R3
    0000004A E101                   MOV         #1,R1
    0000004C 313C                   ADD         R3,R1
    0000004E 6310                   MOV.B       @R1,R3
    00000050 2230                   MOV.B       R3,@R2
    00000052 2338                   TST         R3,R3
    00000054 8BF3                   BF          L393
      dl2_file.c    16            return cfname;
      dl2_file.c    17    }
    00000056 000B                   RTS
    00000058 6053                   MOV         R5,R0
      dl2_file.c    18    
      dl2_file.c    19    int     open_file (const char * cfname,int mode)
    0000005A              _open_file:                      ; function: open_file
                                                           ; frame size=72
    0000005A 4F22                   STS.L       PR,@-R15
    0000005C 7FBC                   ADD         #-68,R15
    0000005E 2F52                   MOV.L       R5,@R15
      dl2_file.c    20    {
      dl2_file.c    21            fontc ffname[32];
      dl2_file.c    22    
      dl2_file.c    23            char_to_font(cfname,ffname);
    00000060 65F3                   MOV         R15,R5
    00000062 BFCD                   BSR         _char_to_font
    00000064 7504                   ADD         #4,R5
      dl2_file.c    24    
      dl2_file.c    25            return Bfile_OpenFile(ffname,mode);
    00000066 64F3                   MOV         R15,R4
    00000068 D304                   MOV.L       L396+4,R3  ; _Bfile_OpenFile
    0000006A 65F2                   MOV.L       @R15,R5
    0000006C 430B                   JSR         @R3
    0000006E 7404                   ADD         #4,R4
      dl2_file.c    26    }
    00000070 7F44                   ADD         #68,R15
    00000072 4F26                   LDS.L       @R15+,PR
    00000074 000B                   RTS
    00000076 0009                   NOP
    00000078              L396:                             
    00000078 <00000000>             .DATA.L     _strlen
    0000007C <00000000>             .DATA.L     _Bfile_OpenFile
















SH SERIES C/C++ Compiler (Ver. 6.0C)                                                                 12-Aug-2012 14:11:59  PAGE    1


******** STATISTICS INFORMATION ********


********** ERROR INFORMATION ***********

NUMBER OF ERRORS:           0
NUMBER OF WARNINGS:         0




******* SOURCE LINE INFORMATION ********

COMPILED SOURCE LINE:       26



******* SECTION SIZE INFORMATION *******

PROGRAM  SECTION (P):                               00000080 Byte(s)
CONSTANT SECTION (C):                               00000000 Byte(s)
DATA     SECTION (D):                               00000000 Byte(s)
BSS      SECTION (B):                               00000000 Byte(s)

 TOTAL PROGRAM SIZE: 00000080 Byte(s)



********** LABEL INFORMATION ***********

NUMBER OF EXTERNAL REFERENCE SYMBOLS:            2
NUMBER OF EXTERNAL DEFINITION SYMBOLS:           3
NUMBER OF INTERNAL/EXTERNAL SYMBOLS:            10






























*** COMMAND PARAMETER ***


  -subcommand=C:\DOCUME~1\ADMINI~1\LOCALS~1\Temp\hmk230.tmp 

