SH SERIES C/C++ Compiler (Ver. 6.0C)                                                                 12-Aug-2012 14:20:36  PAGE    1

************ OBJECT LISTING ************

FILE NAME: D:\Anderain\fx-9860\DL2\dl2_main.c

SCT OFFSET   CODE       C LABEL     INSTRUCTION OPERAND    COMMENT

      dl2_main.c     1    #include "dl2_all.h"
      dl2_main.c     2    
      dl2_main.c     3    #define PAGE_MAX (2048*2)
      dl2_main.c     4    
      dl2_main.c     5    uchar           page_offset[PAGE_MAX];
      dl2_main.c     6    uint            page_size       =       0       ;
      dl2_main.c     7    uint            page_now        =       0       ;
      dl2_main.c     8    uint            file_size       =       0       ;
      dl2_main.c     9    uint            file_offset     =       0       ;
      dl2_main.c    10    const char      *file_name                      ;
      dl2_main.c    11    int                     fh_txt          =       0       ;
      dl2_main.c    12    
      dl2_main.c    13    int split_page ()
P   00000000              _split_page:                     ; function: split_page
                                                           ; frame size=36
    00000000 2FE6                   MOV.L       R14,@-R15
      dl2_main.c    14    {
      dl2_main.c    15            int i,x,y,l;
      dl2_main.c    16            char c;
      dl2_main.c    17    
      dl2_main.c    18            page_offset[0]  = 0;
    00000002 EE00                   MOV         #0,R14
    00000004 D32A                   MOV.L       L544+2,R3  ; _page_offset
      dl2_main.c    19            page_size               = 0;
    00000006 62E3                   MOV         R14,R2
      dl2_main.c    20            page_now                = 0;
    00000008 D02B                   MOV.L       L544+10,R0 ; _page_now
    0000000A 6123                   MOV         R2,R1
    0000000C 2FD6                   MOV.L       R13,@-R15
    0000000E 2FC6                   MOV.L       R12,@-R15
    00000010 2FB6                   MOV.L       R11,@-R15
      dl2_main.c    21            
      dl2_main.c    22            x = 0,y = 8,l = 0;
    00000012 6B13                   MOV         R1,R11
    00000014 2FA6                   MOV.L       R10,@-R15
    00000016 2F96                   MOV.L       R9,@-R15
    00000018 2F86                   MOV.L       R8,@-R15
    0000001A 6913                   MOV         R1,R9
    0000001C DD25                   MOV.L       L544+6,R13 ; _page_size
    0000001E E808                   MOV         #8,R8
    00000020 4F22                   STS.L       PR,@-R15
      dl2_main.c    23    
      dl2_main.c    24            for (i=0;i<file_size;)
    00000022 6C83                   MOV         R8,R12
    00000024 7FFC                   ADD         #-4,R15
    00000026 7C78                   ADD         #120,R12
    00000028 23E0                   MOV.B       R14,@R3
    0000002A 2DE2                   MOV.L       R14,@R13
    0000002C 2022                   MOV.L       R2,@R0
    0000002E A02F                   BRA         L490
    00000030 6A13                   MOV         R1,R10
    00000032              L491:                             
      dl2_main.c    25            {
      dl2_main.c    26                    read_file (fh_txt,&c,1,i++);l++;




SH SERIES C/C++ Compiler (Ver. 6.0C)                                                                 12-Aug-2012 14:20:36  PAGE    2


SCT OFFSET   CODE       C LABEL     INSTRUCTION OPERAND    COMMENT

    00000032 67A3                   MOV         R10,R7
    00000034 D321                   MOV.L       L544+14,R3 ; _fh_txt
    00000036 E601                   MOV         #1,R6
    00000038 D221                   MOV.L       L544+18,R2 ; _Bfile_ReadFile
    0000003A 65F3                   MOV         R15,R5
    0000003C 7A01                   ADD         #1,R10
    0000003E 420B                   JSR         @R2
    00000040 6432                   MOV.L       @R3,R4
    00000042 64F0                   MOV.B       @R15,R4
    00000044 6343                   MOV         R4,R3
    00000046 23C8                   TST         R12,R3
    00000048 8D03                   BT/S        L492
    0000004A 7901                   ADD         #1,R9
      dl2_main.c    27    
      dl2_main.c    28                    if (is_chschar(c))
      dl2_main.c    29                    {
      dl2_main.c    30                            ++i;l++;
    0000004C 7A01                   ADD         #1,R10
    0000004E A004                   BRA         L493
    00000050 7901                   ADD         #1,R9
    00000052              L492:                             
      dl2_main.c    31                    }
      dl2_main.c    32                    else if (c=='\n')
    00000052 6043                   MOV         R4,R0
    00000054 880A                   CMP/EQ      #10,R0
    00000056 8B00                   BF          L493
      dl2_main.c    33                    {
      dl2_main.c    34                            x=128;
    00000058 6BC3                   MOV         R12,R11
    0000005A              L493:                             
      dl2_main.c    35                    }
      dl2_main.c    36                    x += 8;
    0000005A 7B08                   ADD         #8,R11
      dl2_main.c    37                    if (x>=128)
    0000005C 3BC3                   CMP/GE      R12,R11
    0000005E 8F02                   BF/S        L495
      dl2_main.c    38                    {
      dl2_main.c    39                            x=0;y+=8;
      dl2_main.c    40                    }
      dl2_main.c    41                    if (y>=64 || i>=file_size)
    00000060 E240                   MOV         #64,R2
    00000062 6BE3                   MOV         R14,R11
    00000064 7808                   ADD         #8,R8
    00000066              L495:                             
    00000066 3823                   CMP/GE      R2,R8
    00000068 8903                   BT          L497
    0000006A D316                   MOV.L       L544+22,R3 ; _file_size
    0000006C 6132                   MOV.L       @R3,R1
    0000006E 3A12                   CMP/HS      R1,R10
    00000070 8B08                   BF          L496
    00000072              L497:                             
      dl2_main.c    42                    {
      dl2_main.c    43                            /* save a offset */
      dl2_main.c    44                            page_offset[page_size] = l;
      dl2_main.c    45                            page_size++;
      dl2_main.c    46                            x = 0;
    00000072 6BE3                   MOV         R14,R11




SH SERIES C/C++ Compiler (Ver. 6.0C)                                                                 12-Aug-2012 14:20:36  PAGE    3


SCT OFFSET   CODE       C LABEL     INSTRUCTION OPERAND    COMMENT

    00000074 62D2                   MOV.L       @R13,R2
      dl2_main.c    47                            y = 8;
    00000076 E808                   MOV         #8,R8
    00000078 D00D                   MOV.L       L544+2,R0  ; _page_offset
    0000007A 0294                   MOV.B       R9,@(R0,R2)
    0000007C 63D2                   MOV.L       @R13,R3
      dl2_main.c    48                            l = 0;
    0000007E 69E3                   MOV         R14,R9
    00000080 7301                   ADD         #1,R3
    00000082 2D32                   MOV.L       R3,@R13
    00000084              L496:                             
      dl2_main.c    49                    }
      dl2_main.c    50                    if (page_size>=PAGE_MAX)
    00000084 9213                   MOV.W       L544,R2    ; H'1000
    00000086 63D2                   MOV.L       @R13,R3
    00000088 3322                   CMP/HS      R2,R3
    0000008A 8B01                   BF          L490
      dl2_main.c    51                            return 0;
    0000008C A005                   BRA         L499
    0000008E E000                   MOV         #0,R0
    00000090              L490:                             
    00000090 D20C                   MOV.L       L544+22,R2 ; _file_size
    00000092 6322                   MOV.L       @R2,R3
    00000094 3A32                   CMP/HS      R3,R10
    00000096 8BCC                   BF          L491
      dl2_main.c    52    
      dl2_main.c    53            }/* for */
      dl2_main.c    54    
      dl2_main.c    55            return 1;
    00000098 E001                   MOV         #1,R0
      dl2_main.c    56    
      dl2_main.c    57    }
    0000009A              L499:                             
    0000009A 7F04                   ADD         #4,R15
    0000009C 4F26                   LDS.L       @R15+,PR
    0000009E 68F6                   MOV.L       @R15+,R8
    000000A0 69F6                   MOV.L       @R15+,R9
    000000A2 6AF6                   MOV.L       @R15+,R10
    000000A4 6BF6                   MOV.L       @R15+,R11
    000000A6 6CF6                   MOV.L       @R15+,R12
    000000A8 6DF6                   MOV.L       @R15+,R13
    000000AA 000B                   RTS
    000000AC 6EF6                   MOV.L       @R15+,R14
    000000AE              L544:                             
    000000AE 1000                   .DATA.W     H'1000
    000000B0 <00000000>             .DATA.L     _page_offset
    000000B4 <00000000>             .DATA.L     _page_size
    000000B8 <00000000>             .DATA.L     _page_now
    000000BC <00000000>             .DATA.L     _fh_txt
    000000C0 <00000000>             .DATA.L     _Bfile_ReadFile
    000000C4 <00000000>             .DATA.L     _file_size
      dl2_main.c    58    
      dl2_main.c    59    int redraw_screen ()
    000000C8              _redraw_screen:                  ; function: redraw_screen
                                                           ; frame size=76
                                                           ; used runtime library name:
                                                           ; __slow_mvn




SH SERIES C/C++ Compiler (Ver. 6.0C)                                                                 12-Aug-2012 14:20:36  PAGE    4


SCT OFFSET   CODE       C LABEL     INSTRUCTION OPERAND    COMMENT

    000000C8 2FE6                   MOV.L       R14,@-R15
    000000CA 2FD6                   MOV.L       R13,@-R15
    000000CC 2FC6                   MOV.L       R12,@-R15
    000000CE 2FB6                   MOV.L       R11,@-R15
    000000D0 2FA6                   MOV.L       R10,@-R15
    000000D2 2F96                   MOV.L       R9,@-R15
    000000D4 2F86                   MOV.L       R8,@-R15
    000000D6 4F22                   STS.L       PR,@-R15
      dl2_main.c    60    {
      dl2_main.c    61            char    strtemp[16];
      dl2_main.c    62            int             x,y;
      dl2_main.c    63            uint    i;
      dl2_main.c    64            uchar   temp[] = " ",c1,c2;
    000000D8 D242                   MOV.L       L545+2,R2  ; L402
    000000DA 7FE0                   ADD         #-32,R15
    000000DC D342                   MOV.L       L545+6,R3  ; __slow_mvn
    000000DE 69F3                   MOV         R15,R9
    000000E0 790C                   ADD         #12,R9
    000000E2 61F3                   MOV         R15,R1
    000000E4 710C                   ADD         #12,R1
    000000E6 430B                   JSR         @R3
    000000E8 E002                   MOV         #2,R0
      dl2_main.c    65            
      dl2_main.c    66    
      dl2_main.c    67            all_clr();
    000000EA D140                   MOV.L       L545+10,R1 ; _Bdisp_AllClr_VRAM
    000000EC 410B                   JSR         @R1
    000000EE 0009                   NOP
      dl2_main.c    68    
      dl2_main.c    69            printmini(1,1,(const uchar*)file_name,0);
    000000F0 D33F                   MOV.L       L545+14,R3 ; _file_name
    000000F2 E501                   MOV         #1,R5
    000000F4 D23F                   MOV.L       L545+18,R2 ; _PrintMini
    000000F6 E700                   MOV         #0,R7
    000000F8 6632                   MOV.L       @R3,R6
    000000FA 420B                   JSR         @R2
    000000FC 6453                   MOV         R5,R4
      dl2_main.c    70            sprintf(strtemp,"%d/%d",page_now+1,page_size);
    000000FE 6EF3                   MOV         R15,R14
    00000100 D23D                   MOV.L       L545+22,R2 ; _page_size
    00000102 7E10                   ADD         #16,R14
    00000104 D03D                   MOV.L       L545+26,R0 ; _page_now
    00000106 6322                   MOV.L       @R2,R3
    00000108 D23E                   MOV.L       L545+34,R2 ; _sprintf
    0000010A 2F36                   MOV.L       R3,@-R15
    0000010C 6102                   MOV.L       @R0,R1
    0000010E 7101                   ADD         #1,R1
    00000110 2F16                   MOV.L       R1,@-R15
    00000112 D33B                   MOV.L       L545+30,R3 ; L405
    00000114 2F36                   MOV.L       R3,@-R15
    00000116 420B                   JSR         @R2
    00000118 64E3                   MOV         R14,R4
    0000011A 7F0C                   ADD         #12,R15
      dl2_main.c    71            printmini(127-4*strlen(strtemp),1,(const uchar*)strtemp,0);
    0000011C D33A                   MOV.L       L545+38,R3 ; _strlen
    0000011E 66E3                   MOV         R14,R6
    00000120 2FE6                   MOV.L       R14,@-R15




SH SERIES C/C++ Compiler (Ver. 6.0C)                                                                 12-Aug-2012 14:20:36  PAGE    5


SCT OFFSET   CODE       C LABEL     INSTRUCTION OPERAND    COMMENT

    00000122 430B                   JSR         @R3
    00000124 6463                   MOV         R6,R4
    00000126 4008                   SHLL2       R0
    00000128 66F6                   MOV.L       @R15+,R6
    0000012A E501                   MOV         #1,R5
    0000012C D231                   MOV.L       L545+18,R2 ; _PrintMini
    0000012E 600B                   NEG         R0,R0
    00000130 6403                   MOV         R0,R4
    00000132 747F                   ADD         #127,R4
    00000134 420B                   JSR         @R2
    00000136 E700                   MOV         #0,R7
      dl2_main.c    72    
      dl2_main.c    73            area_rev(0,0,127,7);
    00000138 D334                   MOV.L       L545+42,R3 ; _Bdisp_AreaReverseVRAM
    0000013A E707                   MOV         #7,R7
    0000013C E67F                   MOV         #127,R6
    0000013E E500                   MOV         #0,R5
    00000140 430B                   JSR         @R3
    00000142 6453                   MOV         R5,R4
      dl2_main.c    74    
      dl2_main.c    75            x = 0,y = 8;
      dl2_main.c    76    
      dl2_main.c    77            for (i = file_offset;i<file_size;)
    00000144 D232                   MOV.L       L545+46,R2 ; _file_offset
    00000146 6393                   MOV         R9,R3
    00000148 D832                   MOV.L       L545+50,R8 ; _Bfile_ReadFile
    0000014A EE00                   MOV         #0,R14
    0000014C DA32                   MOV.L       L545+54,R10; _fh_txt
    0000014E EC08                   MOV         #8,R12
    00000150 6B22                   MOV.L       @R2,R11
    00000152 6DC3                   MOV         R12,R13
    00000154 7D78                   ADD         #120,R13
    00000156 A035                   BRA         L500
    00000158 1F32                   MOV.L       R3,@(8,R15)
    0000015A              L501:                             
      dl2_main.c    78            {
      dl2_main.c    79                    read_file (fh_txt,&c1,1,i++);
    0000015A 67B3                   MOV         R11,R7
    0000015C 7B01                   ADD         #1,R11
    0000015E E601                   MOV         #1,R6
    00000160 65F3                   MOV         R15,R5
    00000162 480B                   JSR         @R8
    00000164 64A2                   MOV.L       @R10,R4
    00000166 64F0                   MOV.B       @R15,R4
    00000168 644C                   EXTU.B      R4,R4
    0000016A 6343                   MOV         R4,R3
    0000016C 23D8                   TST         R13,R3
    0000016E 8912                   BT          L502
      dl2_main.c    80    
      dl2_main.c    81                    if (is_chschar(c1))
      dl2_main.c    82                    {
      dl2_main.c    83                            read_file (fh_txt,&c2,1,i++);
    00000170 67B3                   MOV         R11,R7
    00000172 7B01                   ADD         #1,R11
    00000174 E601                   MOV         #1,R6
    00000176 65F3                   MOV         R15,R5
    00000178 7504                   ADD         #4,R5




SH SERIES C/C++ Compiler (Ver. 6.0C)                                                                 12-Aug-2012 14:20:36  PAGE    6


SCT OFFSET   CODE       C LABEL     INSTRUCTION OPERAND    COMMENT

    0000017A 480B                   JSR         @R8
    0000017C 64A2                   MOV.L       @R10,R4
      dl2_main.c    84                            print_chs_char (x,y,0,c1,c2);
    0000017E E600                   MOV         #0,R6
    00000180 84F4                   MOV.B       @(4,R15),R0
    00000182 65C3                   MOV         R12,R5
    00000184 6303                   MOV         R0,R3
    00000186 2F36                   MOV.L       R3,@-R15
    00000188 84F4                   MOV.B       @(4,R15),R0
    0000018A 6703                   MOV         R0,R7
    0000018C D323                   MOV.L       L545+58,R3 ; _print_chs_char
    0000018E 430B                   JSR         @R3
    00000190 64E3                   MOV         R14,R4
    00000192 A00F                   BRA         L503
    00000194 7F04                   ADD         #4,R15
    00000196              L502:                             
      dl2_main.c    85                    }
      dl2_main.c    86                    else if (c1=='\n')
    00000196 6043                   MOV         R4,R0
    00000198 880A                   CMP/EQ      #10,R0
    0000019A 8B01                   BF          L504
      dl2_main.c    87                    {
      dl2_main.c    88                            x=128;
    0000019C A00A                   BRA         L503
    0000019E 6ED3                   MOV         R13,R14
    000001A0              L504:                             
      dl2_main.c    89                    }
      dl2_main.c    90                    else
      dl2_main.c    91                    {
      dl2_main.c    92                            temp[0] = c1;
    000001A0 53F2                   MOV.L       @(8,R15),R3
      dl2_main.c    93                            PrintXY(x+1,y,temp,0);
    000001A2 E700                   MOV         #0,R7
    000001A4 62F0                   MOV.B       @R15,R2
    000001A6 6693                   MOV         R9,R6
    000001A8 2320                   MOV.B       R2,@R3
    000001AA 65C3                   MOV         R12,R5
    000001AC D31C                   MOV.L       L545+62,R3 ; _PrintXY
    000001AE 64E3                   MOV         R14,R4
    000001B0 430B                   JSR         @R3
    000001B2 7401                   ADD         #1,R4
    000001B4              L503:                             
      dl2_main.c    94                    }
      dl2_main.c    95                    x += 8;
    000001B4 7E08                   ADD         #8,R14
      dl2_main.c    96                    if (x>=128)
    000001B6 3ED3                   CMP/GE      R13,R14
    000001B8 8B04                   BF          L500
      dl2_main.c    97                    {
      dl2_main.c    98                            x=0;y+=8;
    000001BA 7C08                   ADD         #8,R12
      dl2_main.c    99                            if (y>=64) break;
    000001BC E340                   MOV         #64,R3
    000001BE 3C33                   CMP/GE      R3,R12
    000001C0 8D04                   BT/S        L508
    000001C2 EE00                   MOV         #0,R14
    000001C4              L500:                             




SH SERIES C/C++ Compiler (Ver. 6.0C)                                                                 12-Aug-2012 14:20:36  PAGE    7


SCT OFFSET   CODE       C LABEL     INSTRUCTION OPERAND    COMMENT

    000001C4 D117                   MOV.L       L545+66,R1 ; _file_size
    000001C6 6212                   MOV.L       @R1,R2
    000001C8 3B22                   CMP/HS      R2,R11
    000001CA 8BC6                   BF          L501
    000001CC              L508:                             
      dl2_main.c   100                    }
      dl2_main.c   101                    
      dl2_main.c   102            }
      dl2_main.c   103            return 0;
    000001CC E000                   MOV         #0,R0
      dl2_main.c   104    }
    000001CE 7F20                   ADD         #32,R15
    000001D0 4F26                   LDS.L       @R15+,PR
    000001D2 68F6                   MOV.L       @R15+,R8
    000001D4 69F6                   MOV.L       @R15+,R9
    000001D6 6AF6                   MOV.L       @R15+,R10
    000001D8 6BF6                   MOV.L       @R15+,R11
    000001DA 6CF6                   MOV.L       @R15+,R12
    000001DC 6DF6                   MOV.L       @R15+,R13
    000001DE 000B                   RTS
    000001E0 6EF6                   MOV.L       @R15+,R14
    000001E2              L545:                             
    000001E2 0000                   .DATA.W     0
    000001E4 <00000000>             .DATA.L     L402
    000001E8 <00000000>             .DATA.L     __slow_mvn
    000001EC <00000000>             .DATA.L     _Bdisp_AllClr_VRAM
    000001F0 <00000000>             .DATA.L     _file_name
    000001F4 <00000000>             .DATA.L     _PrintMini
    000001F8 <00000000>             .DATA.L     _page_size
    000001FC <00000000>             .DATA.L     _page_now
    00000200 <00000000>             .DATA.L     L405
    00000204 <00000000>             .DATA.L     _sprintf
    00000208 <00000000>             .DATA.L     _strlen
    0000020C <00000000>             .DATA.L     _Bdisp_AreaReverseVRAM
    00000210 <00000000>             .DATA.L     _file_offset
    00000214 <00000000>             .DATA.L     _Bfile_ReadFile
    00000218 <00000000>             .DATA.L     _fh_txt
    0000021C <00000000>             .DATA.L     _print_chs_char
    00000220 <00000000>             .DATA.L     _PrintXY
    00000224 <00000000>             .DATA.L     _file_size
      dl2_main.c   105    
      dl2_main.c   106    int start_read (const char * cfname)
    00000228              _start_read:                     ; function: start_read
                                                           ; frame size=40
    00000228 2FE6                   MOV.L       R14,@-R15
    0000022A 2FD6                   MOV.L       R13,@-R15
    0000022C 2FC6                   MOV.L       R12,@-R15
    0000022E 2FB6                   MOV.L       R11,@-R15
    00000230 2FA6                   MOV.L       R10,@-R15
    00000232 2F96                   MOV.L       R9,@-R15
    00000234 2F86                   MOV.L       R8,@-R15
    00000236 4F22                   STS.L       PR,@-R15
      dl2_main.c   107    {
      dl2_main.c   108            uint key;
      dl2_main.c   109            int  refresh=1;
      dl2_main.c   110    
      dl2_main.c   111            file_name       = cfname;




SH SERIES C/C++ Compiler (Ver. 6.0C)                                                                 12-Aug-2012 14:20:36  PAGE    8


SCT OFFSET   CODE       C LABEL     INSTRUCTION OPERAND    COMMENT

    00000238 D31B                   MOV.L       L546+2,R3  ; _file_name
    0000023A 7FF8                   ADD         #-8,R15
      dl2_main.c   112            fh_txt          = open_file(cfname,_OPENMODE_READ );
    0000023C D21B                   MOV.L       L546+6,R2  ; _open_file
    0000023E 2342                   MOV.L       R4,@R3
    00000240 420B                   JSR         @R2
    00000242 E501                   MOV         #1,R5
    00000244 D31A                   MOV.L       L546+10,R3 ; _fh_txt
    00000246 6403                   MOV         R0,R4
    00000248 D91A                   MOV.L       L546+14,R9 ; _show_dialog
    0000024A 4415                   CMP/PL      R4
    0000024C 9B2B                   MOV.W       L546,R11   ; H'7534
    0000024E 8D0A                   BT/S        L510
    00000250 2302                   MOV.L       R0,@R3
      dl2_main.c   113            
      dl2_main.c   114            if(fh_txt<=0)
      dl2_main.c   115            {
      dl2_main.c   116                    show_dialog((uchar*)"错误！",(uchar*)"文件打开失败。",DLG_ICON_WARN,DLG_BTN_OK);
    00000252 E702                   MOV         #2,R7
    00000254 D518                   MOV.L       L546+18,R5 ; L418
    00000256 D419                   MOV.L       L546+22,R4 ; L417
    00000258 490B                   JSR         @R9
    0000025A E603                   MOV         #3,R6
      dl2_main.c   117                    wait(KEY_CTRL_EXE);
    0000025C D318                   MOV.L       L546+26,R3 ; _wait
    0000025E 430B                   JSR         @R3
    00000260 64B3                   MOV         R11,R4
    00000262 A080                   BRA         L467
    00000264 0009                   NOP
    00000266              L510:                             
      dl2_main.c   118                    return 0;
      dl2_main.c   119            }
      dl2_main.c   120    
      dl2_main.c   121            file_size = get_file_size(fh_txt)-1;
    00000266 D217                   MOV.L       L546+30,R2 ; _Bfile_GetFileSize
    00000268 420B                   JSR         @R2
    0000026A 0009                   NOP
    0000026C D316                   MOV.L       L546+34,R3 ; _file_size
      dl2_main.c   122    
      dl2_main.c   123            show_dialog((uchar*)"提示",(uchar*)"分页中，请稍等…",2,0);
    0000026E E700                   MOV         #0,R7
    00000270 D516                   MOV.L       L546+38,R5 ; L420
    00000272 70FF                   ADD         #-1,R0
    00000274 D416                   MOV.L       L546+42,R4 ; L419
    00000276 2302                   MOV.L       R0,@R3
    00000278 490B                   JSR         @R9
    0000027A E602                   MOV         #2,R6
      dl2_main.c   124            putdisp();
    0000027C D215                   MOV.L       L546+46,R2 ; _Bdisp_PutDisp_DD
    0000027E 420B                   JSR         @R2
    00000280 0009                   NOP
      dl2_main.c   125            
      dl2_main.c   126            if(split_page ()==0)
    00000282 BEBD                   BSR         _split_page
    00000284 0009                   NOP
    00000286 2008                   TST         R0,R0
    00000288 8B2A                   BF          L512




SH SERIES C/C++ Compiler (Ver. 6.0C)                                                                 12-Aug-2012 14:20:36  PAGE    9


SCT OFFSET   CODE       C LABEL     INSTRUCTION OPERAND    COMMENT

      dl2_main.c   127            {
      dl2_main.c   128                    show_dialog((uchar*)"错误！",(uchar*)"错误：页数超出限制，无法读取。",DLG_ICON_WARN,DLG_BT
                         +N_OK);
    0000028A E702                   MOV         #2,R7
    0000028C D512                   MOV.L       L546+50,R5 ; L422
    0000028E D40B                   MOV.L       L546+22,R4 ; L417
    00000290 490B                   JSR         @R9
    00000292 E603                   MOV         #3,R6
      dl2_main.c   129                    wait(KEY_CTRL_EXE);
    00000294 D30A                   MOV.L       L546+26,R3 ; _wait
    00000296 430B                   JSR         @R3
    00000298 64B3                   MOV         R11,R4
      dl2_main.c   130                    close_file (fh_txt);
    0000029A D205                   MOV.L       L546+10,R2 ; _fh_txt
    0000029C D30F                   MOV.L       L546+54,R3 ; _Bfile_CloseFile
    0000029E 430B                   JSR         @R3
    000002A0 6422                   MOV.L       @R2,R4
    000002A2 A060                   BRA         L467
    000002A4 0009                   NOP
    000002A6              L546:                             
    000002A6 7534                   .DATA.W     H'7534
    000002A8 <00000000>             .DATA.L     _file_name
    000002AC <00000000>             .DATA.L     _open_file
    000002B0 <00000000>             .DATA.L     _fh_txt
    000002B4 <00000000>             .DATA.L     _show_dialog
    000002B8 <00000000>             .DATA.L     L418
    000002BC <00000000>             .DATA.L     L417
    000002C0 <00000000>             .DATA.L     _wait
    000002C4 <00000000>             .DATA.L     _Bfile_GetFileSize
    000002C8 <00000000>             .DATA.L     _file_size
    000002CC <00000000>             .DATA.L     L420
    000002D0 <00000000>             .DATA.L     L419
    000002D4 <00000000>             .DATA.L     _Bdisp_PutDisp_DD
    000002D8 <00000000>             .DATA.L     L422
    000002DC <00000000>             .DATA.L     _Bfile_CloseFile
    000002E0              L512:                             
    000002E0 D838                   MOV.L       L547+8,R8  ; _page_offset
    000002E2 DA39                   MOV.L       L547+12,R10; _GetKey
    000002E4 9C6A                   MOV.W       L547,R12   ; H'7532
    000002E6 DD39                   MOV.L       L547+16,R13; _file_offset
    000002E8 DE39                   MOV.L       L547+20,R14; _page_now
      dl2_main.c   131                    return 0;
      dl2_main.c   132            }
      dl2_main.c   133    
      dl2_main.c   134            while(1)
    000002EA              L514:                             
      dl2_main.c   135            {
      dl2_main.c   136                    if(refresh = 1)
      dl2_main.c   137                    {
      dl2_main.c   138                            redraw_screen ();
    000002EA BEED                   BSR         _redraw_screen
    000002EC 0009                   NOP
      dl2_main.c   139                            refresh = 0;
      dl2_main.c   140                    }
      dl2_main.c   141    
      dl2_main.c   142                    GetKey(&key);
    000002EE 64F3                   MOV         R15,R4




SH SERIES C/C++ Compiler (Ver. 6.0C)                                                                 12-Aug-2012 14:20:36  PAGE   10


SCT OFFSET   CODE       C LABEL     INSTRUCTION OPERAND    COMMENT

    000002F0 4A0B                   JSR         @R10
    000002F2 7404                   ADD         #4,R4
      dl2_main.c   143    
      dl2_main.c   144                    if (key==KEY_CTRL_UP)
    000002F4 9363                   MOV.W       L547+2,R3  ; H'7542
    000002F6 52F1                   MOV.L       @(4,R15),R2
    000002F8 3230                   CMP/EQ      R3,R2
    000002FA 8B0B                   BF          L516
      dl2_main.c   145                    {
      dl2_main.c   146                            if (page_now<=0) continue;
    000002FC 61E2                   MOV.L       @R14,R1
    000002FE E200                   MOV         #0,R2
    00000300 3126                   CMP/HI      R2,R1
    00000302 8BF2                   BF          L514
      dl2_main.c   147                            file_offset -= page_offset[--page_now];
    00000304 60E2                   MOV.L       @R14,R0
    00000306 70FF                   ADD         #-1,R0
    00000308 2E02                   MOV.L       R0,@R14
    0000030A 038C                   MOV.B       @(R0,R8),R3
    0000030C 62D2                   MOV.L       @R13,R2
    0000030E 633C                   EXTU.B      R3,R3
    00000310 3238                   SUB         R3,R2
    00000312 2D22                   MOV.L       R2,@R13
    00000314              L516:                             
      dl2_main.c   148                            refresh = 1;
      dl2_main.c   149                    }
      dl2_main.c   150                    if (key==KEY_CTRL_DOWN)
    00000314 9354                   MOV.W       L547+4,R3  ; H'7547
    00000316 51F1                   MOV.L       @(4,R15),R1
    00000318 3130                   CMP/EQ      R3,R1
    0000031A 8B0E                   BF          L518
      dl2_main.c   151                    {
      dl2_main.c   152                            if (page_now+1>=page_size) continue;
    0000031C 62E2                   MOV.L       @R14,R2
    0000031E 7201                   ADD         #1,R2
    00000320 D02C                   MOV.L       L547+24,R0 ; _page_size
    00000322 6102                   MOV.L       @R0,R1
    00000324 3212                   CMP/HS      R1,R2
    00000326 89E0                   BT          L514
      dl2_main.c   153                            file_offset += page_offset[page_now++];
    00000328 60E2                   MOV.L       @R14,R0
    0000032A 7001                   ADD         #1,R0
    0000032C 2E02                   MOV.L       R0,@R14
    0000032E 70FF                   ADD         #-1,R0
    00000330 62D2                   MOV.L       @R13,R2
    00000332 038C                   MOV.B       @(R0,R8),R3
    00000334 633C                   EXTU.B      R3,R3
    00000336 323C                   ADD         R3,R2
    00000338 2D22                   MOV.L       R2,@R13
    0000033A              L518:                             
      dl2_main.c   154                            refresh = 1;
      dl2_main.c   155                    }
      dl2_main.c   156                    if (key==KEY_CTRL_EXIT)
    0000033A 53F1                   MOV.L       @(4,R15),R3
    0000033C 33C0                   CMP/EQ      R12,R3
    0000033E 8BD4                   BF          L514
      dl2_main.c   157                    {




SH SERIES C/C++ Compiler (Ver. 6.0C)                                                                 12-Aug-2012 14:20:36  PAGE   11


SCT OFFSET   CODE       C LABEL     INSTRUCTION OPERAND    COMMENT

      dl2_main.c   158                            uint key;
      dl2_main.c   159                            show_dialog((uchar*)"提示",(uchar*)"确定关闭本文件吗？",DLG_ICON_QUST,DLG_BTN_YESN
                         +O);
    00000340 D525                   MOV.L       L547+28,R5 ; L429
    00000342 E701                   MOV         #1,R7
    00000344 D425                   MOV.L       L547+32,R4 ; L419
    00000346 490B                   JSR         @R9
    00000348 6673                   MOV         R7,R6
      dl2_main.c   160                            while(1)
    0000034A              L522:                             
      dl2_main.c   161                            {
      dl2_main.c   162                                    GetKey(&key);
    0000034A 4A0B                   JSR         @R10
    0000034C 64F3                   MOV         R15,R4
      dl2_main.c   163                                    if (key==KEY_CTRL_EXE) goto END;
    0000034E 62F2                   MOV.L       @R15,R2
    00000350 32B0                   CMP/EQ      R11,R2
    00000352 8904                   BT          __$END$431
      dl2_main.c   164                                    if (key==KEY_CTRL_EXIT) {refresh = 1;break;}
    00000354 63F2                   MOV.L       @R15,R3
    00000356 33C0                   CMP/EQ      R12,R3
    00000358 89C7                   BT          L514
    0000035A AFF6                   BRA         L522
    0000035C 0009                   NOP
    0000035E              __$END$431:                      ; label: END
      dl2_main.c   165                            }
      dl2_main.c   166                    }
      dl2_main.c   167            }
      dl2_main.c   168            END:
      dl2_main.c   169            close_file(fh_txt);
    0000035E D220                   MOV.L       L547+36,R2 ; _fh_txt
    00000360 D320                   MOV.L       L547+40,R3 ; _Bfile_CloseFile
    00000362 430B                   JSR         @R3
    00000364 6422                   MOV.L       @R2,R4
    00000366              L467:
      dl2_main.c   170            return 0;
    00000366 E000                   MOV         #0,R0
      dl2_main.c   171    }
    00000368 7F08                   ADD         #8,R15
    0000036A 4F26                   LDS.L       @R15+,PR
    0000036C 68F6                   MOV.L       @R15+,R8
    0000036E 69F6                   MOV.L       @R15+,R9
    00000370 6AF6                   MOV.L       @R15+,R10
    00000372 6BF6                   MOV.L       @R15+,R11
    00000374 6CF6                   MOV.L       @R15+,R12
    00000376 6DF6                   MOV.L       @R15+,R13
    00000378 000B                   RTS
    0000037A 6EF6                   MOV.L       @R15+,R14
      dl2_main.c   172    
      dl2_main.c   173    
      dl2_main.c   174    int AddIn_main(int isAppli, unsigned short OptionNum)
    0000037C              _AddIn_main:                     ; function: AddIn_main
                                                           ; frame size=148
    0000037C 2FE6                   MOV.L       R14,@-R15
    0000037E 2FD6                   MOV.L       R13,@-R15
    00000380 2FC6                   MOV.L       R12,@-R15
      dl2_main.c   175    {




SH SERIES C/C++ Compiler (Ver. 6.0C)                                                                 12-Aug-2012 14:20:36  PAGE   12


SCT OFFSET   CODE       C LABEL     INSTRUCTION OPERAND    COMMENT

      dl2_main.c   176            uint key,index = 1;
    00000382 ED01                   MOV         #1,R13
      dl2_main.c   177            int refresh = 1;
      dl2_main.c   178            
      dl2_main.c   179            all_clr();
    00000384 D318                   MOV.L       L547+44,R3 ; _Bdisp_AllClr_VRAM
    00000386 6ED3                   MOV         R13,R14
    00000388 2FB6                   MOV.L       R11,@-R15
    0000038A 2FA6                   MOV.L       R10,@-R15
    0000038C 2F96                   MOV.L       R9,@-R15
    0000038E 2F86                   MOV.L       R8,@-R15
    00000390 4F22                   STS.L       PR,@-R15
    00000392 7F9C                   ADD         #-100,R15
    00000394 430B                   JSR         @R3
    00000396 6CD3                   MOV         R13,R12
      dl2_main.c   180    
      dl2_main.c   181            if(open_font()<=0)
    00000398 D214                   MOV.L       L547+48,R2 ; _open_font
    0000039A 420B                   JSR         @R2
    0000039C 0009                   NOP
    0000039E 4015                   CMP/PL      R0
    000003A0 892E                   BT          L526
      dl2_main.c   182            {
      dl2_main.c   183                    locate(1,1);Print((uchar*)"open hzk error");
    000003A2 E501                   MOV         #1,R5
    000003A4 D212                   MOV.L       L547+52,R2 ; _locate
    000003A6 420B                   JSR         @R2
    000003A8 6453                   MOV         R5,R4
    000003AA D412                   MOV.L       L547+56,R4 ; L441
    000003AC D312                   MOV.L       L547+60,R3 ; _Print
    000003AE 430B                   JSR         @R3
    000003B0 0009                   NOP
      dl2_main.c   184                    waitkey();
    000003B2 D212                   MOV.L       L547+64,R2 ; _waitkey
    000003B4 420B                   JSR         @R2
    000003B6 0009                   NOP
      dl2_main.c   185                    return 0;
    000003B8 A0D2                   BRA         L527
    000003BA E000                   MOV         #0,R0
    000003BC              L547:                             
    000003BC 7532                   .DATA.W     H'7532
    000003BE 7542                   .DATA.W     H'7542
    000003C0 7547                   .DATA.W     H'7547
    000003C2 0000                   .DATA.W     0
    000003C4 <00000000>             .DATA.L     _page_offset
    000003C8 <00000000>             .DATA.L     _GetKey
    000003CC <00000000>             .DATA.L     _file_offset
    000003D0 <00000000>             .DATA.L     _page_now
    000003D4 <00000000>             .DATA.L     _page_size
    000003D8 <00000000>             .DATA.L     L429
    000003DC <00000000>             .DATA.L     L419
    000003E0 <00000000>             .DATA.L     _fh_txt
    000003E4 <00000000>             .DATA.L     _Bfile_CloseFile
    000003E8 <00000000>             .DATA.L     _Bdisp_AllClr_VRAM
    000003EC <00000000>             .DATA.L     _open_font
    000003F0 <00000000>             .DATA.L     _locate
    000003F4 <00000000>             .DATA.L     L441




SH SERIES C/C++ Compiler (Ver. 6.0C)                                                                 12-Aug-2012 14:20:36  PAGE   13


SCT OFFSET   CODE       C LABEL     INSTRUCTION OPERAND    COMMENT

    000003F8 <00000000>             .DATA.L     _Print
    000003FC <00000000>             .DATA.L     _waitkey
    00000400              L526:                             
    00000400 987F                   MOV.W       L548,R8    ; H'7534
    00000402 E900                   MOV         #0,R9
    00000404 DA40                   MOV.L       L548+6,R10 ; _print_chs_str
    00000406 DB41                   MOV.L       L548+10,R11; _draw_picture
      dl2_main.c   186            }
      dl2_main.c   187            while(1)
    00000408              L529:                             
      dl2_main.c   188            {
      dl2_main.c   189                    if (refresh)
    00000408 2CC8                   TST         R12,R12
    0000040A 893D                   BT          L530
      dl2_main.c   190                    {
      dl2_main.c   191                            all_clr();
    0000040C D340                   MOV.L       L548+14,R3 ; _Bdisp_AllClr_VRAM
    0000040E 430B                   JSR         @R3
    00000410 0009                   NOP
      dl2_main.c   192                            draw_picture(2,2,128,24,0,PIC_BACK);
    00000412 E718                   MOV         #24,R7
    00000414 D23F                   MOV.L       L548+18,R2 ; _PIC_BACK
    00000416 E502                   MOV         #2,R5
    00000418 2F26                   MOV.L       R2,@-R15
    0000041A 6673                   MOV         R7,R6
    0000041C 2F96                   MOV.L       R9,@-R15
    0000041E 7668                   ADD         #104,R6
    00000420 4B0B                   JSR         @R11
    00000422 6453                   MOV         R5,R4
      dl2_main.c   193    
      dl2_main.c   194                            print_chs_str(8,16,0,(uchar*)"打开文本文件从…");
    00000424 D73C                   MOV.L       L548+22,R7 ; L444
    00000426 E600                   MOV         #0,R6
    00000428 7F08                   ADD         #8,R15
    0000042A E510                   MOV         #16,R5
    0000042C 4A0B                   JSR         @R10
    0000042E E408                   MOV         #8,R4
      dl2_main.c   195                            print_chs_str(76,32,0,(uchar*)"左右键选择 ");
    00000430 D73A                   MOV.L       L548+26,R7 ; L445
    00000432 E600                   MOV         #0,R6
    00000434 E520                   MOV         #32,R5
    00000436 4A0B                   JSR         @R10
    00000438 E44C                   MOV         #76,R4
      dl2_main.c   196                            print_chs_str(76,40,0,(uchar*)(index ? "[闪 存]":"[SD卡]"));
    0000043A 2EE8                   TST         R14,R14
    0000043C 8D03                   BT/S        L531
    0000043E E600                   MOV         #0,R6
    00000440 D737                   MOV.L       L548+30,R7 ; L446
    00000442 A001                   BRA         L532
    00000444 0009                   NOP
    00000446              L531:                             
    00000446 D737                   MOV.L       L548+34,R7 ; L447
    00000448              L532:                             
    00000448 E528                   MOV         #40,R5
    0000044A 4A0B                   JSR         @R10
    0000044C E44C                   MOV         #76,R4
      dl2_main.c   197    




SH SERIES C/C++ Compiler (Ver. 6.0C)                                                                 12-Aug-2012 14:20:36  PAGE   14


SCT OFFSET   CODE       C LABEL     INSTRUCTION OPERAND    COMMENT

      dl2_main.c   198                            printmini(72,58,"Anderain 2012",0);
    0000044E E700                   MOV         #0,R7
    00000450 D635                   MOV.L       L548+38,R6 ; L448
    00000452 E53A                   MOV         #58,R5
    00000454 D335                   MOV.L       L548+42,R3 ; _PrintMini
    00000456 430B                   JSR         @R3
    00000458 E448                   MOV         #72,R4
      dl2_main.c   199                            draw_picture( 8,26,32,32,index==1,PIC_FLS);
    0000045A 60E3                   MOV         R14,R0
    0000045C D234                   MOV.L       L548+46,R2 ; _PIC_FLS
    0000045E E720                   MOV         #32,R7
    00000460 2F26                   MOV.L       R2,@-R15
    00000462 8801                   CMP/EQ      #1,R0
    00000464 0029                   MOVT        R0
    00000466 6673                   MOV         R7,R6
    00000468 2F06                   MOV.L       R0,@-R15
    0000046A E51A                   MOV         #26,R5
    0000046C 4B0B                   JSR         @R11
    0000046E E408                   MOV         #8,R4
      dl2_main.c   200                            draw_picture(40,26,32,32,index==0,PIC_CRD);
    00000470 D330                   MOV.L       L548+50,R3 ; _PIC_CRD
    00000472 2EE8                   TST         R14,R14
    00000474 2F36                   MOV.L       R3,@-R15
    00000476 E720                   MOV         #32,R7
    00000478 0029                   MOVT        R0
    0000047A 6673                   MOV         R7,R6
    0000047C 2F06                   MOV.L       R0,@-R15
    0000047E E51A                   MOV         #26,R5
    00000480 4B0B                   JSR         @R11
    00000482 E428                   MOV         #40,R4
    00000484 7F10                   ADD         #16,R15
      dl2_main.c   201                            refresh = 0;
    00000486 6C93                   MOV         R9,R12
    00000488              L530:                             
      dl2_main.c   202                    }
      dl2_main.c   203    
      dl2_main.c   204                    GetKey(&key);
    00000488 D32B                   MOV.L       L548+54,R3 ; _GetKey
    0000048A 430B                   JSR         @R3
    0000048C 64F3                   MOV         R15,R4
      dl2_main.c   205    
      dl2_main.c   206                    if (key==KEY_CTRL_LEFT || key==KEY_CTRL_RIGHT)
    0000048E 9239                   MOV.W       L548+2,R2  ; H'7544
    00000490 63F2                   MOV.L       @R15,R3
    00000492 3320                   CMP/EQ      R2,R3
    00000494 8903                   BT          L535
    00000496 9336                   MOV.W       L548+4,R3  ; H'7545
    00000498 61F2                   MOV.L       @R15,R1
    0000049A 3130                   CMP/EQ      R3,R1
    0000049C 8B02                   BF          L534
    0000049E              L535:                             
      dl2_main.c   207                    {
      dl2_main.c   208                            refresh = 1,index=!index;
    0000049E 6CD3                   MOV         R13,R12
    000004A0 2EE8                   TST         R14,R14
    000004A2 0E29                   MOVT        R14
    000004A4              L534:                             




SH SERIES C/C++ Compiler (Ver. 6.0C)                                                                 12-Aug-2012 14:20:36  PAGE   15


SCT OFFSET   CODE       C LABEL     INSTRUCTION OPERAND    COMMENT

      dl2_main.c   209                    }
      dl2_main.c   210                    if (key==KEY_CTRL_EXE)
    000004A4 63F2                   MOV.L       @R15,R3
    000004A6 3380                   CMP/EQ      R8,R3
    000004A8 8BAE                   BF          L529
      dl2_main.c   211                    {
      dl2_main.c   212                            char cfname[32],s[64];
      dl2_main.c   213                            int      r;
      dl2_main.c   214    
      dl2_main.c   215                            refresh = 1;
    000004AA 6CD3                   MOV         R13,R12
      dl2_main.c   216                            r = file_view(index,cfname);
    000004AC D323                   MOV.L       L548+58,R3 ; _file_view
    000004AE 65F3                   MOV         R15,R5
    000004B0 7544                   ADD         #68,R5
    000004B2 430B                   JSR         @R3
    000004B4 64E3                   MOV         R14,R4
    000004B6 6403                   MOV         R0,R4
      dl2_main.c   217    
      dl2_main.c   218                            if (r<0)
    000004B8 4411                   CMP/PZ      R4
    000004BA 890A                   BT          L538
      dl2_main.c   219                            {
      dl2_main.c   220                                    show_dialog((uchar*)"错误！",(uchar*)"没有文本文件！",DLG_ICON_WARN,DLG_BT
                         +N_OK);
    000004BC D520                   MOV.L       L548+62,R5 ; L455
    000004BE E702                   MOV         #2,R7
    000004C0 D420                   MOV.L       L548+66,R4 ; L417
    000004C2 D321                   MOV.L       L548+70,R3 ; _show_dialog
    000004C4 430B                   JSR         @R3
    000004C6 E603                   MOV         #3,R6
      dl2_main.c   221                                    wait(KEY_CTRL_EXE);
    000004C8 D220                   MOV.L       L548+74,R2 ; _wait
    000004CA 420B                   JSR         @R2
    000004CC 6483                   MOV         R8,R4
      dl2_main.c   222                                    continue;
    000004CE AF9B                   BRA         L529
    000004D0 0009                   NOP
    000004D2              L538:                             
      dl2_main.c   223                            }
      dl2_main.c   224                            else if(r==1);
    000004D2 6043                   MOV         R4,R0
    000004D4 8801                   CMP/EQ      #1,R0
      dl2_main.c   225                            {
      dl2_main.c   226                                    sprintf(s,"\\\\%s\\%s",(index ? "fls0":"crd0"),cfname);
    000004D6 62F3                   MOV         R15,R2
    000004D8 7244                   ADD         #68,R2
    000004DA 2EE8                   TST         R14,R14
    000004DC 8D03                   BT/S        L541
    000004DE 2F26                   MOV.L       R2,@-R15
    000004E0 D11B                   MOV.L       L548+78,R1 ; L458
    000004E2 A002                   BRA         L542
    000004E4 2F16                   MOV.L       R1,@-R15
    000004E6              L541:                             
    000004E6 D31B                   MOV.L       L548+82,R3 ; L459
    000004E8 2F36                   MOV.L       R3,@-R15
    000004EA              L542:                             




SH SERIES C/C++ Compiler (Ver. 6.0C)                                                                 12-Aug-2012 14:20:36  PAGE   16


SCT OFFSET   CODE       C LABEL     INSTRUCTION OPERAND    COMMENT

    000004EA D11B                   MOV.L       L548+86,R1 ; L457
    000004EC D31B                   MOV.L       L548+90,R3 ; _sprintf
    000004EE 2F16                   MOV.L       R1,@-R15
    000004F0 64F3                   MOV         R15,R4
    000004F2 430B                   JSR         @R3
    000004F4 7410                   ADD         #16,R4
    000004F6 7F0C                   ADD         #12,R15
      dl2_main.c   227                                    start_read(s);
    000004F8 64F3                   MOV         R15,R4
    000004FA BE95                   BSR         _start_read
    000004FC 7404                   ADD         #4,R4
    000004FE AF83                   BRA         L529
    00000500 0009                   NOP
    00000502              L548:                             
    00000502 7534                   .DATA.W     H'7534
    00000504 7544                   .DATA.W     H'7544
    00000506 7545                   .DATA.W     H'7545
    00000508 <00000000>             .DATA.L     _print_chs_str
    0000050C <00000000>             .DATA.L     _draw_picture
    00000510 <00000000>             .DATA.L     _Bdisp_AllClr_VRAM
    00000514 <00000000>             .DATA.L     _PIC_BACK
    00000518 <00000000>             .DATA.L     L444
    0000051C <00000000>             .DATA.L     L445
    00000520 <00000000>             .DATA.L     L446
    00000524 <00000000>             .DATA.L     L447
    00000528 <00000000>             .DATA.L     L448
    0000052C <00000000>             .DATA.L     _PrintMini
    00000530 <00000000>             .DATA.L     _PIC_FLS
    00000534 <00000000>             .DATA.L     _PIC_CRD
    00000538 <00000000>             .DATA.L     _GetKey
    0000053C <00000000>             .DATA.L     _file_view
    00000540 <00000000>             .DATA.L     L455
    00000544 <00000000>             .DATA.L     L417
    00000548 <00000000>             .DATA.L     _show_dialog
    0000054C <00000000>             .DATA.L     _wait
    00000550 <00000000>             .DATA.L     L458
    00000554 <00000000>             .DATA.L     L459
    00000558 <00000000>             .DATA.L     L457
    0000055C <00000000>             .DATA.L     _sprintf
    00000560              L527:                             
      dl2_main.c   228                            }
      dl2_main.c   229    
      dl2_main.c   230                    }
      dl2_main.c   231            }
      dl2_main.c   232            
      dl2_main.c   233        return 1;
      dl2_main.c   234    }
    00000560 7F64                   ADD         #100,R15
    00000562 4F26                   LDS.L       @R15+,PR
    00000564 68F6                   MOV.L       @R15+,R8
    00000566 69F6                   MOV.L       @R15+,R9
    00000568 6AF6                   MOV.L       @R15+,R10
    0000056A 6BF6                   MOV.L       @R15+,R11
    0000056C 6CF6                   MOV.L       @R15+,R12
    0000056E 6DF6                   MOV.L       @R15+,R13
    00000570 000B                   RTS
    00000572 6EF6                   MOV.L       @R15+,R14




SH SERIES C/C++ Compiler (Ver. 6.0C)                                                                 12-Aug-2012 14:20:36  PAGE   17


SCT OFFSET   CODE       C LABEL     INSTRUCTION OPERAND    COMMENT

      dl2_main.c   235    
      dl2_main.c   236    
      dl2_main.c   237    
      dl2_main.c   238    #pragma section _BR_Size
      dl2_main.c   239    unsigned long BR_Size;
      dl2_main.c   240    #pragma section
      dl2_main.c   241    
      dl2_main.c   242    
      dl2_main.c   243    #pragma section _TOP
      dl2_main.c   244    
      dl2_main.c   245    int InitializeSystem(int isAppli, unsigned short OptionNum)
P_T 00000000              _InitializeSystem:               ; function: InitializeSystem
                                                           ; frame size=0
      dl2_main.c   246    {
      dl2_main.c   247        return INIT_ADDIN_APPLICATION(isAppli, OptionNum);
    00000000 D301                   MOV.L       L549+2,R3  ; _INIT_ADDIN_APPLICATION
    00000002 432B                   JMP         @R3
    00000004 0009                   NOP
    00000006              L549:                             
    00000006 0000                   .DATA.W     0
    00000008 <00000000>             .DATA.L     _INIT_ADDIN_APPLICATION
      dl2_main.c   248    }
      dl2_main.c   249    
      dl2_main.c   250    #pragma section
      dl2_main.c   251    
D   00000000              _page_size:                      ; static: page_size
    00000000 00000000               .DATA.L     H'00000000
    00000004              _page_now:                       ; static: page_now
    00000004 00000000               .DATA.L     H'00000000
    00000008              _file_size:                      ; static: file_size
    00000008 00000000               .DATA.L     H'00000000
    0000000C              _file_offset:                    ; static: file_offset
    0000000C 00000000               .DATA.L     H'00000000
    00000010              _fh_txt:                         ; static: fh_txt
    00000010 00000000               .DATA.L     H'00000000
C   00000000              L402:
    00000000 20                     .SDATA      " "
    00000001 00                     .DATA.B     H'00
    00000002 00000002               .RES.W      1
    00000004              L405:
    00000004 25642F2564             .SDATA      "%d/%d"
    00000009 00                     .DATA.B     H'00
    0000000A 00000002               .RES.W      1
    0000000C              L417:
    0000000C B4EDCEF3A3             .DATA.B     H'B4,H'ED,H'CE,H'F3,H'A3,H'A1,H'00
             A100         
    00000013 00000001               .RES.B      1
    00000014              L418:
    00000014 CEC4BCFEB4             .DATA.B     H'CE,H'C4,H'BC,H'FE,H'B4,H'F2,H'BF,H'AA,H'CA,H'A7,H'B0,H'DC,H'A1,H'A3,H'00
             F2BFAACAA7   
             B0DCA1A300   
    00000023 00000001               .RES.B      1
    00000024              L419:
    00000024 CCE1CABE00             .DATA.B     H'CC,H'E1,H'CA,H'BE,H'00
    00000029 00000001               .RES.B      1
    0000002A 00000002               .RES.W      1
    0000002C              L420:




SH SERIES C/C++ Compiler (Ver. 6.0C)                                                                 12-Aug-2012 14:20:36  PAGE   18


SCT OFFSET   CODE       C LABEL     INSTRUCTION OPERAND    COMMENT

    0000002C B7D6D2B3D6             .DATA.B     H'B7,H'D6,H'D2,H'B3,H'D6,H'D0,H'A3,H'AC,H'C7,H'EB,H'C9,H'D4,H'B5,H'C8,H'A1,H'AD,H'00
             D0A3ACC7EB   
             C9D4B5C8A1   
             AD00         
    0000003D 00000001               .RES.B      1
    0000003E 00000002               .RES.W      1
    00000040              L422:
    00000040 B4EDCEF3A3             .DATA.B     H'B4,H'ED,H'CE,H'F3,H'A3,H'BA,H'D2,H'B3,H'CA,H'FD,H'B3,H'AC,H'B3,H'F6,H'CF,H'DE,
             BAD2B3CAFD +                       H'D6,H'C6,H'A3,H'AC,H'CE,H'DE,H'B7,H'A8,H'B6,H'C1,H'C8,H'A1,H'A1,H'A3,H'00
             B3ACB3F6CF   
             DED6C6A3AC   
             CEDEB7A8B6   
             C1C8A1A1A3   
             00           
    0000005F 00000001               .RES.B      1
    00000060              L429:
    00000060 C8B7B6A8B9             .DATA.B     H'C8,H'B7,H'B6,H'A8,H'B9,H'D8,H'B1,H'D5,H'B1,H'BE,H'CE,H'C4,H'BC,H'FE,H'C2,H'F0,
             D8B1D5B1BE +                       H'A3,H'BF,H'00
             CEC4BCFEC2   
             F0A3BF00     
    00000073 00000001               .RES.B      1
    00000074              L441:
    00000074 6F70656E20             .SDATA      "open hzk error"
             687A6B2065   
             72726F72     
    00000082 00                     .DATA.B     H'00
    00000083 00000001               .RES.B      1
    00000084              L444:
    00000084 B4F2BFAACE             .DATA.B     H'B4,H'F2,H'BF,H'AA,H'CE,H'C4,H'B1,H'BE,H'CE,H'C4,H'BC,H'FE,H'B4,H'D3,H'A1,H'AD,H'00
             C4B1BECEC4   
             BCFEB4D3A1   
             AD00         
    00000095 00000001               .RES.B      1
    00000096 00000002               .RES.W      1
    00000098              L445:
    00000098 D7F3D3D2BC             .DATA.B     H'D7,H'F3,H'D3,H'D2,H'BC,H'FC,H'D1,H'A1,H'D4,H'F1
             FCD1A1D4F1   
    000000A2 20                     .SDATA      " "
    000000A3 00                     .DATA.B     H'00
    000000A4              L446:
    000000A4 5B                     .SDATA      "["
    000000A5 C9C1                   .DATA.B     H'C9,H'C1
    000000A7 20                     .SDATA      " "
    000000A8 B4E6                   .DATA.B     H'B4,H'E6
    000000AA 5D                     .SDATA      "]"
    000000AB 00                     .DATA.B     H'00
    000000AC              L447:
    000000AC 5B5344                 .SDATA      "[SD"
    000000AF BFA8                   .DATA.B     H'BF,H'A8
    000000B1 5D                     .SDATA      "]"
    000000B2 00                     .DATA.B     H'00
    000000B3 00000001               .RES.B      1
    000000B4              L448:
    000000B4 416E646572             .SDATA      "Anderain 2012"
             61696E2032   
             303132       
    000000C1 00                     .DATA.B     H'00




SH SERIES C/C++ Compiler (Ver. 6.0C)                                                                 12-Aug-2012 14:20:36  PAGE   19


SCT OFFSET   CODE       C LABEL     INSTRUCTION OPERAND    COMMENT

    000000C2 00000002               .RES.W      1
    000000C4              L455:
    000000C4 C3BBD3D0CE             .DATA.B     H'C3,H'BB,H'D3,H'D0,H'CE,H'C4,H'B1,H'BE,H'CE,H'C4,H'BC,H'FE,H'A3,H'A1,H'00
             C4B1BECEC4   
             BCFEA3A100   
    000000D3 00000001               .RES.B      1
    000000D4              L457:
    000000D4 5C5C25735C             .SDATA      "\\%s\%s"
             2573         
    000000DB 00                     .DATA.B     H'00
    000000DC              L458:
    000000DC 666C7330               .SDATA      "fls0"
    000000E0 00                     .DATA.B     H'00
    000000E1 00000001               .RES.B      1
    000000E2 00000002               .RES.W      1
    000000E4              L459:
    000000E4 63726430               .SDATA      "crd0"
    000000E8 00                     .DATA.B     H'00
B   00000000              _page_offset:                    ; static: page_offset
    00000000 00001000               .RES.B      4096
    00001000              _file_name:                      ; static: file_name
    00001000 00000004               .RES.L      1
B_B 00000000              _BR_Size:                        ; static: BR_Size
    00000000 00000004               .RES.L      1





































SH SERIES C/C++ Compiler (Ver. 6.0C)                                                                 12-Aug-2012 14:20:36  PAGE    1


******** STATISTICS INFORMATION ********


********** ERROR INFORMATION ***********

NUMBER OF ERRORS:           0
NUMBER OF WARNINGS:         1




******* SOURCE LINE INFORMATION ********

COMPILED SOURCE LINE:      251



******* SECTION SIZE INFORMATION *******

PROGRAM  SECTION (P):                               00000574 Byte(s)
PROGRAM  SECTION (P_BR_Size):                       00000000 Byte(s)
PROGRAM  SECTION (P_TOP):                           0000000C Byte(s)
CONSTANT SECTION (C):                               000000E9 Byte(s)
CONSTANT SECTION (C_BR_Size):                       00000000 Byte(s)
CONSTANT SECTION (C_TOP):                           00000000 Byte(s)
DATA     SECTION (D):                               00000014 Byte(s)
DATA     SECTION (D_BR_Size):                       00000000 Byte(s)
DATA     SECTION (D_TOP):                           00000000 Byte(s)
BSS      SECTION (B):                               00001004 Byte(s)
BSS      SECTION (B_BR_Size):                       00000004 Byte(s)
BSS      SECTION (B_TOP):                           00000000 Byte(s)

 TOTAL PROGRAM SIZE: 00001685 Byte(s)



********** LABEL INFORMATION ***********

NUMBER OF EXTERNAL REFERENCE SYMBOLS:           27
NUMBER OF EXTERNAL DEFINITION SYMBOLS:          13
NUMBER OF INTERNAL/EXTERNAL SYMBOLS:            96






















*** COMMAND PARAMETER ***


  -subcommand=C:\DOCUME~1\ADMINI~1\LOCALS~1\Temp\hmk24D.tmp 

